[INFO]2022-07-03 12:04:23,317: #################################################################
[INFO]2022-07-03 12:04:23,318: Perform log
[INFO]2022-07-03 12:04:23,318: #################################################################
[INFO]2022-07-03 12:04:23,319: name:56:Use case writer:zpou
[INFO]2022-07-03 12:04:23,320: Enter function : flow_weather()
[INFO]2022-07-03 12:04:23,321: Input parameter : update_dict, value : value is empty.
[INFO]2022-07-03 12:04:23,322: Enter function : flow_login()
[INFO]2022-07-03 12:04:23,322: Input parameter : update_dict, value : value is empty.
[ERROR]2022-07-03 12:04:23,324: apileft:82:name 'common' is not defined
[ERROR]2022-07-03 12:04:23,325: apileft:83:Traceback (most recent call last):
  File "D:\my_api\tc_play\requetes.py", line 55, in apileft
    contex = eval(context)
  File "<string>", line 15, in <module>
NameError: name 'common' is not defined

[ERROR]2022-07-03 12:04:23,326: post:61:local variable 'parm' referenced before assignment
[ERROR]2022-07-03 12:04:23,328: post:62:Traceback (most recent call last):
  File "D:\my_api\Public_variable\apitest.py", line 50, in post
    param = self.Requests.apileft(api, dict_request)
  File "D:\my_api\tc_play\requetes.py", line 85, in apileft
    return parm[0], parm[1], parm[2], url, headers, request_method
UnboundLocalError: local variable 'parm' referenced before assignment

[ERROR]2022-07-03 12:04:23,330: flow_login:31:local variable 'b_ret' referenced before assignment
[ERROR]2022-07-03 12:04:23,332: flow_login:32:Traceback (most recent call last):
  File "D:\my_api\confdb\flow\user\user.py", line 26, in flow_login
    b_ret, login_result = self.api_login_byhy(login_dict)
  File "D:\my_api\confdb\api\user\user.py", line 19, in api_login_byhy
    return self.post(Tim_api_mgr_signin, request_dict)
  File "D:\my_api\Public_variable\apitest.py", line 64, in post
    return b_ret, respones_reslut
UnboundLocalError: local variable 'b_ret' referenced before assignment

[INFO]2022-07-03 12:04:23,333: flow_weather:29:TypeError: update_dict is not dict!
[ERROR]2022-07-03 12:04:23,334: apileft:82:name 'common' is not defined
[ERROR]2022-07-03 12:04:23,335: apileft:83:Traceback (most recent call last):
  File "D:\my_api\tc_play\requetes.py", line 55, in apileft
    contex = eval(context)
  File "<string>", line 19, in <module>
NameError: name 'common' is not defined

[ERROR]2022-07-03 12:04:23,336: post:61:local variable 'parm' referenced before assignment
[ERROR]2022-07-03 12:04:23,338: post:62:Traceback (most recent call last):
  File "D:\my_api\Public_variable\apitest.py", line 50, in post
    param = self.Requests.apileft(api, dict_request)
  File "D:\my_api\tc_play\requetes.py", line 85, in apileft
    return parm[0], parm[1], parm[2], url, headers, request_method
UnboundLocalError: local variable 'parm' referenced before assignment

[ERROR]2022-07-03 12:04:23,339: flow_weather:37:local variable 'b_ret' referenced before assignment
[ERROR]2022-07-03 12:04:23,341: flow_weather:38:Traceback (most recent call last):
  File "D:\my_api\confdb\flow\user\client.py", line 30, in flow_weather
    b_ret, weather_result = self.api_get_apone(weather_dict)
  File "D:\my_api\confdb\api\user\client.py", line 19, in api_get_apone
    return self.post(Tim_api_mgr_customers, request_dict)
  File "D:\my_api\Public_variable\apitest.py", line 64, in post
    return b_ret, respones_reslut
UnboundLocalError: local variable 'b_ret' referenced before assignment

