[INFO]2022-07-02 11:16:35,576: #################################################################
[INFO]2022-07-02 11:16:35,576: Perform log
[INFO]2022-07-02 11:16:35,576: #################################################################
[ERROR]2022-07-02 11:16:35,577: log path:D:\my_api\logs\report2022-07-02-11-16-35.log
[ERROR]2022-07-02 11:16:35,577: name:56:Use case writer:zpou
[ERROR]2022-07-02 11:16:35,578: log path:D:\my_api\logs\report2022-07-02-11-16-35.log
[ERROR]2022-07-02 11:16:35,579: apileft:51:interface message: {'url': '/api/mgr/signin', 'type': 'post', 'api_type': 'http', 'request': {'username': 'byhy', 'password': '88888888'}, 'reponses_type': 'json', 'Content-Type': 'data'}
[ERROR]2022-07-02 11:16:35,580: log path:D:\my_api\logs\report2022-07-02-11-16-35.log
[ERROR]2022-07-02 11:16:35,581: apileft:55:requests url: http://127.0.0.1:80/api/mgr/signin
[ERROR]2022-07-02 11:16:35,581: log path:D:\my_api\logs\report2022-07-02-11-16-35.log
[ERROR]2022-07-02 11:16:35,582: apileft:57:requests parameter: {'username': 'byhy', 'password': '88888888'}
[DEBUG]2022-07-02 11:16:35,585: Starting new HTTP connection (1): 127.0.0.1:80
[DEBUG]2022-07-02 11:16:36,168: http://127.0.0.1:80 "POST /api/mgr/signin HTTP/1.1" 200 10
[ERROR]2022-07-02 11:16:36,169: log path:D:\my_api\logs\report2022-07-02-11-16-35.log
[ERROR]2022-07-02 11:16:36,169: repons:72:In response to the results: {'ret': 0}
[ERROR]2022-07-02 11:16:36,170: log path:D:\my_api\logs\report2022-07-02-11-16-35.log
[ERROR]2022-07-02 11:16:36,171: apileft:51:interface message: {'url': '/api/mgr/customers', 'type': 'post', 'api_type': 'http', 'request': {'action': 'add_customer', 'data': {'name': 'ds', 'phonenumber': '17674573105', 'address': 'dasasdasd'}}, 'reponses_type': 'json', 'Content-Type': 'params'}
[ERROR]2022-07-02 11:16:36,172: log path:D:\my_api\logs\report2022-07-02-11-16-35.log
[ERROR]2022-07-02 11:16:36,172: apileft:55:requests url: http://127.0.0.1:80/api/mgr/customers
[INFO]2022-07-02 11:16:36,173: log path:D:\my_api\logs\report2022-07-02-11-16-35.log
[ERROR]2022-07-02 11:16:36,173: apileft:59:can only concatenate str (not "dict") to str
[INFO]2022-07-02 11:16:36,175: log path:D:\my_api\logs\report2022-07-02-11-16-35.log
[ERROR]2022-07-02 11:16:36,175: apileft:60:Traceback (most recent call last):
  File "D:\my_api\tc_play\requetes.py", line 56, in apileft
    parm = self.parm(contex["Content-Type"], contex)
  File "D:\my_api\tc_play\requetes.py", line 31, in parm
    parm = parm+key + "=" + value + "&"
TypeError: can only concatenate str (not "dict") to str

[INFO]2022-07-02 11:16:36,176: log path:D:\my_api\logs\report2022-07-02-11-16-35.log
[ERROR]2022-07-02 11:16:36,176: post:126:local variable 'parm' referenced before assignment
[INFO]2022-07-02 11:16:36,177: log path:D:\my_api\logs\report2022-07-02-11-16-35.log
[ERROR]2022-07-02 11:16:36,177: post:127:Traceback (most recent call last):
  File "D:\my_api\tc_play\requetes.py", line 112, in post
    parm = self.apileft(api, dict_request)
  File "D:\my_api\tc_play\requetes.py", line 62, in apileft
    return parm[0], parm[1], parm[2], url
UnboundLocalError: local variable 'parm' referenced before assignment

