[INFO]2022-07-03 00:39:53,661: #################################################################
[INFO]2022-07-03 00:39:53,662: Perform log
[INFO]2022-07-03 00:39:53,662: #################################################################
[INFO]2022-07-03 00:39:53,663: name:56:Use case writer:zpou
[INFO]2022-07-03 00:39:53,665: apileft:56:interface message: {'url': '/api/mgr/signin', 'type': 'post', 'api_type': 'http', 'location_interface': 'my_api_login', 'request': {'username': 'byhy', 'password': '88888888'}, 'reponses_type': 'json', 'Content-Type': 'data'}
[INFO]2022-07-03 00:39:53,667: apileft:65:requests url: http://127.0.0.1:80/api/mgr/signin
[ERROR]2022-07-03 00:39:53,668: apileft:83:The request mode is incorrect!
[ERROR]2022-07-03 00:39:53,669: apileft:84:Traceback (most recent call last):
  File "D:\my_api\tc_play\requetes.py", line 72, in apileft
    raise Exception("The request mode is incorrect!")
Exception: The request mode is incorrect!

[ERROR]2022-07-03 00:39:53,670: post:61:local variable 'parm' referenced before assignment
[ERROR]2022-07-03 00:39:53,671: post:62:Traceback (most recent call last):
  File "D:\my_api\Public_variable\apitest.py", line 50, in post
    param = self.Requests.apileft(api, dict_request)
  File "D:\my_api\tc_play\requetes.py", line 86, in apileft
    return parm[0], parm[1], parm[2], url, headers, request_method
UnboundLocalError: local variable 'parm' referenced before assignment

[INFO]2022-07-03 00:39:53,672: apileft:56:interface message: {'url': '/api/mgr/customers', 'type': 'post', 'location_interface': 'my_api', 'api_type': 'http', 'request': {'action': 'add_customer', 'data': {'name': 'ds', 'phonenumber': '17674573105', 'address': 'dasasdasd'}}, 'reponses_type': 'json', 'Content-Type': 'json'}
[INFO]2022-07-03 00:39:53,674: apileft:65:requests url: http://127.0.0.1:80/api/mgr/customers
[ERROR]2022-07-03 00:39:53,675: apileft:83:The request mode is incorrect!
[ERROR]2022-07-03 00:39:53,676: apileft:84:Traceback (most recent call last):
  File "D:\my_api\tc_play\requetes.py", line 72, in apileft
    raise Exception("The request mode is incorrect!")
Exception: The request mode is incorrect!

[ERROR]2022-07-03 00:39:53,677: post:61:local variable 'parm' referenced before assignment
[ERROR]2022-07-03 00:39:53,678: post:62:Traceback (most recent call last):
  File "D:\my_api\Public_variable\apitest.py", line 50, in post
    param = self.Requests.apileft(api, dict_request)
  File "D:\my_api\tc_play\requetes.py", line 86, in apileft
    return parm[0], parm[1], parm[2], url, headers, request_method
UnboundLocalError: local variable 'parm' referenced before assignment

