[INFO]2022-07-03 00:36:28,489: #################################################################
[INFO]2022-07-03 00:36:28,489: Perform log
[INFO]2022-07-03 00:36:28,490: #################################################################
[INFO]2022-07-03 00:36:28,490: name:56:Use case writer:zpou
[ERROR]2022-07-03 00:36:28,492: apileft:81:name 'commen' is not defined
[ERROR]2022-07-03 00:36:28,493: apileft:82:Traceback (most recent call last):
  File "D:\my_api\tc_play\requetes.py", line 54, in apileft
    contex = eval(context)
  File "<string>", line 2, in <module>
NameError: name 'commen' is not defined

[ERROR]2022-07-03 00:36:28,495: post:61:local variable 'parm' referenced before assignment
[ERROR]2022-07-03 00:36:28,496: post:62:Traceback (most recent call last):
  File "D:\my_api\Public_variable\apitest.py", line 50, in post
    param = self.Requests.apileft(api, dict_request)
  File "D:\my_api\tc_play\requetes.py", line 84, in apileft
    return parm[0], parm[1], parm[2], url, headers, request_method
UnboundLocalError: local variable 'parm' referenced before assignment

[ERROR]2022-07-03 00:36:28,497: apileft:81:name 'commen' is not defined
[ERROR]2022-07-03 00:36:28,499: apileft:82:Traceback (most recent call last):
  File "D:\my_api\tc_play\requetes.py", line 54, in apileft
    contex = eval(context)
  File "<string>", line 2, in <module>
NameError: name 'commen' is not defined

[ERROR]2022-07-03 00:36:28,499: post:61:local variable 'parm' referenced before assignment
[ERROR]2022-07-03 00:36:28,501: post:62:Traceback (most recent call last):
  File "D:\my_api\Public_variable\apitest.py", line 50, in post
    param = self.Requests.apileft(api, dict_request)
  File "D:\my_api\tc_play\requetes.py", line 84, in apileft
    return parm[0], parm[1], parm[2], url, headers, request_method
UnboundLocalError: local variable 'parm' referenced before assignment

