[INFO]2022-07-03 12:11:41,929: #################################################################
[INFO]2022-07-03 12:11:41,934: Perform log
[INFO]2022-07-03 12:11:41,935: #################################################################
[INFO]2022-07-03 12:11:41,937: name:56:Use case writer:zpou
[INFO]2022-07-03 12:11:41,939: Enter function : flow_weather()
[INFO]2022-07-03 12:11:41,940: Input parameter : update_dict, value : value is empty.
[INFO]2022-07-03 12:11:41,943: Enter function : flow_login()
[INFO]2022-07-03 12:11:41,943: Input parameter : update_dict, value : value is empty.
[INFO]2022-07-03 12:11:41,945: apileft:57:interface message: {'url': '/api/mgr/signin', 'type': 'post', 'api_type': 'http', 'location_interface': 'my_api_login', 'request': {'username': 'byhy', 'password': '88888888'}, 'reponses_type': 'json', 'Content-Type': 'data', 'cyclical_pattern': {'flag': False, 'judgement_condition': {'right_or_wrong': {'ret': 0}}}}
[INFO]2022-07-03 12:11:41,947: apileft:66:requests url: http://127.0.0.1:80/api/mgr/signin
[INFO]2022-07-03 12:11:41,949: apileft:70:request method: post
[INFO]2022-07-03 12:11:41,950: apileft:75:requests parameter: {'username': 'byhy', 'password': '88888888'}
[INFO]2022-07-03 12:11:41,951: apileft:81:headers: {'content-type': 'application/x-www-form-urlencoded; charset=UTF-8', 'x-requested-with': 'XMLHttpRequest', 'sec-ch-ua-platform': 'Windows', 'Sec-Fetch-Site': 'same-origin', 'Sec-Fetch-Mode': 'cors', 'Sec-Fetch-Dest': 'empty', 'Cookie': 'csrftoken = ftE3dWoJqtQx963qTSGEtPPD62a3dntwBQWBacLeot1E1ntBWX7DE75O6EhU53kg'}
[DEBUG]2022-07-03 12:11:41,954: Starting new HTTP connection (1): 127.0.0.1:80
[DEBUG]2022-07-03 12:11:42,442: http://127.0.0.1:80 "POST /api/mgr/signin HTTP/1.1" 200 10
[INFO]2022-07-03 12:11:42,444: respones:95:b_ret value: True
[INFO]2022-07-03 12:11:42,445: respones:109:In response to the results: {'ret': 0}
[INFO]2022-07-03 12:11:42,447: respones:110:b_ret value: True
[INFO]2022-07-03 12:11:42,448: flow_weather:29:TypeError: update_dict is not dict!
[INFO]2022-07-03 12:11:42,449: apileft:57:interface message: {'url': '/api/mgr/customers', 'type': 'post', 'location_interface': 'my_api', 'api_type': 'http', 'request': {'action': 'add_customer', 'data': {'name': 'ds', 'phonenumber': '17674573105', 'address': 'dasasdasd'}}, 'reponses_type': 'json', 'Content-Type': 'json', 'cyclical_pattern': {'flag': False, 'judgement_condition': {'right_or_wrong': {'ret': 0}}}}
[INFO]2022-07-03 12:11:42,451: apileft:66:requests url: http://127.0.0.1:80/api/mgr/customers
[INFO]2022-07-03 12:11:42,452: apileft:70:request method: post
[INFO]2022-07-03 12:11:42,453: apileft:75:requests parameter: {}
[INFO]2022-07-03 12:11:42,454: apileft:81:headers: None
[DEBUG]2022-07-03 12:11:42,550: http://127.0.0.1:80 "POST /api/mgr/customers HTTP/1.1" 200 21
[INFO]2022-07-03 12:11:42,551: respones:95:b_ret value: True
[INFO]2022-07-03 12:11:42,553: respones:109:In response to the results: {'ret': 0, 'id': 127}
[INFO]2022-07-03 12:11:42,554: respones:110:b_ret value: True
[INFO]2022-07-03 12:11:42,555: apileft:57:interface message: {'url': '/api/mgr/signout', 'type': 'post', 'location_interface': 'my_api_logout', 'api_type': 'http', 'request': {}, 'reponses_type': 'json', 'Content-Type': 'data', 'cyclical_pattern': {'flag': False, 'judgement_condition': {'right_or_wrong': {'ret': 0}}}}
[INFO]2022-07-03 12:11:42,558: apileft:66:requests url: http://127.0.0.1:80/api/mgr/signout
[INFO]2022-07-03 12:11:42,559: apileft:70:request method: post
[INFO]2022-07-03 12:11:42,561: apileft:75:requests parameter: {}
[INFO]2022-07-03 12:11:42,562: apileft:81:headers: None
[DEBUG]2022-07-03 12:11:42,684: http://127.0.0.1:80 "POST /api/mgr/signout HTTP/1.1" 200 10
[INFO]2022-07-03 12:11:42,685: respones:95:b_ret value: True
[INFO]2022-07-03 12:11:42,687: respones:109:In response to the results: {'ret': 0}
[INFO]2022-07-03 12:11:42,688: respones:110:b_ret value: True
