[INFO]2022-07-03 00:36:51,975: #################################################################
[INFO]2022-07-03 00:36:51,975: Perform log
[INFO]2022-07-03 00:36:51,975: #################################################################
[INFO]2022-07-03 00:36:51,976: name:56:Use case writer:zpou
[INFO]2022-07-03 00:36:51,978: apileft:56:interface message: {'url': '/api/mgr/signin', 'type': 'post', 'api_type': 'http', 'location_interface': 'my_api_login', 'request': {'username': 'byhy', 'password': '88888888'}, 'reponses_type': 'json', 'Content-Type': 'data'}
[INFO]2022-07-03 00:36:51,989: apileft:65:requests url: http://127.0.0.1:80/api/mgr/signin
[ERROR]2022-07-03 00:36:51,990: apileft:82:The request mode is incorrect!
[ERROR]2022-07-03 00:36:51,991: apileft:83:Traceback (most recent call last):
  File "D:\my_api\tc_play\requetes.py", line 71, in apileft
    raise Exception("The request mode is incorrect!")
Exception: The request mode is incorrect!

[ERROR]2022-07-03 00:36:51,992: post:61:local variable 'parm' referenced before assignment
[ERROR]2022-07-03 00:36:51,994: post:62:Traceback (most recent call last):
  File "D:\my_api\Public_variable\apitest.py", line 50, in post
    param = self.Requests.apileft(api, dict_request)
  File "D:\my_api\tc_play\requetes.py", line 85, in apileft
    return parm[0], parm[1], parm[2], url, headers, request_method
UnboundLocalError: local variable 'parm' referenced before assignment

[INFO]2022-07-03 00:36:51,995: apileft:56:interface message: {'url': '/api/mgr/customers', 'type': 'post', 'location_interface': 'my_api', 'api_type': 'http', 'request': {'action': 'add_customer', 'data': {'name': 'ds', 'phonenumber': '17674573105', 'address': 'dasasdasd'}}, 'reponses_type': 'json', 'Content-Type': 'json'}
[INFO]2022-07-03 00:36:51,997: apileft:65:requests url: http://127.0.0.1:80/api/mgr/customers
[ERROR]2022-07-03 00:36:51,998: apileft:82:The request mode is incorrect!
[ERROR]2022-07-03 00:36:51,999: apileft:83:Traceback (most recent call last):
  File "D:\my_api\tc_play\requetes.py", line 71, in apileft
    raise Exception("The request mode is incorrect!")
Exception: The request mode is incorrect!

[ERROR]2022-07-03 00:36:52,000: post:61:local variable 'parm' referenced before assignment
[ERROR]2022-07-03 00:36:52,001: post:62:Traceback (most recent call last):
  File "D:\my_api\Public_variable\apitest.py", line 50, in post
    param = self.Requests.apileft(api, dict_request)
  File "D:\my_api\tc_play\requetes.py", line 85, in apileft
    return parm[0], parm[1], parm[2], url, headers, request_method
UnboundLocalError: local variable 'parm' referenced before assignment

