[INFO]2022-07-02 11:07:51,897: #################################################################
[INFO]2022-07-02 11:07:51,898: Perform log
[INFO]2022-07-02 11:07:51,898: #################################################################
[ERROR]2022-07-02 11:07:51,899: log path:D:\my_api\logs\report2022-07-02-11-07-51.log
[ERROR]2022-07-02 11:07:51,899: name:56:Use case writer:zpou
[ERROR]2022-07-02 11:07:51,900: log path:D:\my_api\logs\report2022-07-02-11-07-51.log
[ERROR]2022-07-02 11:07:51,901: apileft:51:interface message: {'url': '/api/mgr/signin', 'type': 'post', 'api_type': 'http', 'request': {'username': 'byhy', 'password': '88888888'}, 'reponses_type': 'json', 'Content-Type': 'data'}
[ERROR]2022-07-02 11:07:51,903: log path:D:\my_api\logs\report2022-07-02-11-07-51.log
[ERROR]2022-07-02 11:07:51,903: apileft:55:requests url: http://127.0.0.1:80/api/mgr/signin
[ERROR]2022-07-02 11:07:51,904: log path:D:\my_api\logs\report2022-07-02-11-07-51.log
[ERROR]2022-07-02 11:07:51,904: apileft:57:requests parameter: {'username': 'byhy', 'password': '88888888'}
[DEBUG]2022-07-02 11:07:51,907: Starting new HTTP connection (1): 127.0.0.1:80
[DEBUG]2022-07-02 11:07:52,371: http://127.0.0.1:80 "POST /api/mgr/signin HTTP/1.1" 200 10
[ERROR]2022-07-02 11:07:52,373: log path:D:\my_api\logs\report2022-07-02-11-07-51.log
[ERROR]2022-07-02 11:07:52,373: repons:72:In response to the results: {'ret': 0}
[ERROR]2022-07-02 11:07:52,374: log path:D:\my_api\logs\report2022-07-02-11-07-51.log
[ERROR]2022-07-02 11:07:52,374: apileft:51:interface message: {'url': '/api/mgr/customers', 'type': 'post', 'api_type': 'http', 'request': {'action': 'add_customer', 'data': {'name': 'ds', 'phonenumber': '17674573105', 'address': 'dasasdasd'}}, 'reponses_type': 'json', 'Content-Type': 'params'}
[ERROR]2022-07-02 11:07:52,376: log path:D:\my_api\logs\report2022-07-02-11-07-51.log
[ERROR]2022-07-02 11:07:52,377: apileft:55:requests url: http://127.0.0.1:80/api/mgr/customers
[INFO]2022-07-02 11:07:52,377: log path:D:\my_api\logs\report2022-07-02-11-07-51.log
[ERROR]2022-07-02 11:07:52,378: apileft:59:can only concatenate str (not "dict") to str
[INFO]2022-07-02 11:07:52,379: log path:D:\my_api\logs\report2022-07-02-11-07-51.log
[ERROR]2022-07-02 11:07:52,379: apileft:60:Traceback (most recent call last):
  File "D:\my_api\tc_play\requetes.py", line 56, in apileft
    parm = self.parm(contex["Content-Type"], contex)
  File "D:\my_api\tc_play\requetes.py", line 31, in parm
    parm = parm+key + "=" + value + "&"
TypeError: can only concatenate str (not "dict") to str

[INFO]2022-07-02 11:07:52,381: log path:D:\my_api\logs\report2022-07-02-11-07-51.log
[ERROR]2022-07-02 11:07:52,381: post:126:local variable 'parm' referenced before assignment
[INFO]2022-07-02 11:07:52,383: log path:D:\my_api\logs\report2022-07-02-11-07-51.log
[ERROR]2022-07-02 11:07:52,383: post:127:Traceback (most recent call last):
  File "D:\my_api\tc_play\requetes.py", line 112, in post
    parm = self.apileft(api, dict_request)
  File "D:\my_api\tc_play\requetes.py", line 62, in apileft
    return parm[0], parm[1], parm[2], url
UnboundLocalError: local variable 'parm' referenced before assignment

