[INFO]2022-07-03 11:25:59,901: #################################################################
[INFO]2022-07-03 11:25:59,901: Perform log
[INFO]2022-07-03 11:25:59,901: #################################################################
[INFO]2022-07-03 11:25:59,902: name:56:Use case writer:zpou
[INFO]2022-07-03 11:25:59,904: Enter function : flow_weather()
[INFO]2022-07-03 11:25:59,904: Input parameter : update_dict, value : value is empty.
[INFO]2022-07-03 11:25:59,905: Enter function : flow_login()
[INFO]2022-07-03 11:25:59,905: Input parameter : update_dict, value : value is empty.
[ERROR]2022-07-03 11:25:59,907: apileft:81:name 'commen' is not defined
[ERROR]2022-07-03 11:25:59,908: apileft:82:Traceback (most recent call last):
  File "D:\my_api\tc_play\requetes.py", line 54, in apileft
    contex = eval(context)
  File "<string>", line 2, in <module>
NameError: name 'commen' is not defined

[ERROR]2022-07-03 11:25:59,909: post:61:local variable 'parm' referenced before assignment
[ERROR]2022-07-03 11:25:59,911: post:62:Traceback (most recent call last):
  File "D:\my_api\Public_variable\apitest.py", line 50, in post
    param = self.Requests.apileft(api, dict_request)
  File "D:\my_api\tc_play\requetes.py", line 84, in apileft
    return parm[0], parm[1], parm[2], url, headers, request_method
UnboundLocalError: local variable 'parm' referenced before assignment

[ERROR]2022-07-03 11:25:59,912: flow_login:29:local variable 'respones_reslut' referenced before assignment
[ERROR]2022-07-03 11:25:59,914: flow_login:30:Traceback (most recent call last):
  File "D:\my_api\confdb\flow\user\user.py", line 26, in flow_login
    login_result = self.api_login_byhy(login_dict)
  File "D:\my_api\confdb\api\user\user.py", line 19, in api_login_byhy
    return self.post(Tim_api_mgr_signin, request_dict)
  File "D:\my_api\Public_variable\apitest.py", line 64, in post
    return respones_reslut
UnboundLocalError: local variable 'respones_reslut' referenced before assignment

[INFO]2022-07-03 11:25:59,915: flow_weather:29:TypeError: update_dict is not dict!
[ERROR]2022-07-03 11:25:59,917: apileft:81:name 'commen' is not defined
[ERROR]2022-07-03 11:25:59,918: apileft:82:Traceback (most recent call last):
  File "D:\my_api\tc_play\requetes.py", line 54, in apileft
    contex = eval(context)
  File "<string>", line 2, in <module>
NameError: name 'commen' is not defined

[ERROR]2022-07-03 11:25:59,919: post:61:local variable 'parm' referenced before assignment
[ERROR]2022-07-03 11:25:59,920: post:62:Traceback (most recent call last):
  File "D:\my_api\Public_variable\apitest.py", line 50, in post
    param = self.Requests.apileft(api, dict_request)
  File "D:\my_api\tc_play\requetes.py", line 84, in apileft
    return parm[0], parm[1], parm[2], url, headers, request_method
UnboundLocalError: local variable 'parm' referenced before assignment

[ERROR]2022-07-03 11:25:59,921: flow_weather:35:local variable 'respones_reslut' referenced before assignment
[ERROR]2022-07-03 11:25:59,923: flow_weather:36:Traceback (most recent call last):
  File "D:\my_api\confdb\flow\user\client.py", line 30, in flow_weather
    weather_result = self.api_get_apone(weather_dict)
  File "D:\my_api\confdb\api\user\client.py", line 19, in api_get_apone
    return self.post(Tim_api_mgr_customers, request_dict)
  File "D:\my_api\Public_variable\apitest.py", line 64, in post
    return respones_reslut
UnboundLocalError: local variable 'respones_reslut' referenced before assignment

