[INFO]2022-07-02 10:53:50,891: #################################################################
[INFO]2022-07-02 10:53:50,892: Perform log
[INFO]2022-07-02 10:53:50,892: #################################################################
[ERROR]2022-07-02 10:53:50,893: log path:D:\my_api\logs\report2022-07-02-10-53-50.log
[ERROR]2022-07-02 10:53:50,894: name:56:Use case writer:zpou
[ERROR]2022-07-02 10:53:50,896: log path:D:\my_api\logs\report2022-07-02-10-53-50.log
[ERROR]2022-07-02 10:53:50,897: apileft:51:interface message: {'url': '/api/mgr/signin', 'type': 'post', 'api_type': 'http', 'request': {'username': 'byhy', 'password': '88888888'}, 'reponses_type': 'json', 'Content-Type': 'data'}
[ERROR]2022-07-02 10:53:50,899: log path:D:\my_api\logs\report2022-07-02-10-53-50.log
[ERROR]2022-07-02 10:53:50,900: apileft:55:requests url: http://127.0.0.1:80/api/mgr/signin
[ERROR]2022-07-02 10:53:50,901: log path:D:\my_api\logs\report2022-07-02-10-53-50.log
[ERROR]2022-07-02 10:53:50,902: apileft:57:requests parameter: {'username': 'byhy', 'password': '88888888'}
[DEBUG]2022-07-02 10:53:50,910: Starting new HTTP connection (1): 127.0.0.1:80
[DEBUG]2022-07-02 10:53:51,372: http://127.0.0.1:80 "POST /api/mgr/signin HTTP/1.1" 200 10
[ERROR]2022-07-02 10:53:51,375: log path:D:\my_api\logs\report2022-07-02-10-53-50.log
[ERROR]2022-07-02 10:53:51,376: repons:72:In response to the results: {'ret': 0}
[ERROR]2022-07-02 10:53:51,377: log path:D:\my_api\logs\report2022-07-02-10-53-50.log
[ERROR]2022-07-02 10:53:51,378: apileft:51:interface message: {'url': '/api/mgr/customers', 'type': 'post', 'api_type': 'http', 'request': {'action': 'add_customer', 'data': {'name': 'ds', 'phonenumber': '17674573105', 'address': 'dasasdasd'}}, 'reponses_type': 'json', 'Content-Type': 'params'}
[ERROR]2022-07-02 10:53:51,380: log path:D:\my_api\logs\report2022-07-02-10-53-50.log
[ERROR]2022-07-02 10:53:51,381: apileft:55:requests url: http://127.0.0.1:80/api/mgr/customers
[INFO]2022-07-02 10:53:51,382: log path:D:\my_api\logs\report2022-07-02-10-53-50.log
[ERROR]2022-07-02 10:53:51,383: apileft:59:can only concatenate str (not "dict") to str
[INFO]2022-07-02 10:53:51,385: log path:D:\my_api\logs\report2022-07-02-10-53-50.log
[ERROR]2022-07-02 10:53:51,385: apileft:60:Traceback (most recent call last):
  File "D:\my_api\tc_play\requetes.py", line 56, in apileft
    parm = self.parm(contex["Content-Type"], contex)
  File "D:\my_api\tc_play\requetes.py", line 31, in parm
    parm = parm+key + "=" + value + "&"
TypeError: can only concatenate str (not "dict") to str

[INFO]2022-07-02 10:53:51,387: log path:D:\my_api\logs\report2022-07-02-10-53-50.log
[ERROR]2022-07-02 10:53:51,387: post:126:local variable 'parm' referenced before assignment
[INFO]2022-07-02 10:53:51,388: log path:D:\my_api\logs\report2022-07-02-10-53-50.log
[ERROR]2022-07-02 10:53:51,389: post:127:Traceback (most recent call last):
  File "D:\my_api\tc_play\requetes.py", line 112, in post
    parm = self.apileft(api, dict_request)
  File "D:\my_api\tc_play\requetes.py", line 62, in apileft
    return parm[0], parm[1], parm[2], url
UnboundLocalError: local variable 'parm' referenced before assignment

