[INFO]2022-07-02 15:57:58,048: #################################################################
[INFO]2022-07-02 15:57:58,048: Perform log
[INFO]2022-07-02 15:57:58,048: #################################################################
[ERROR]2022-07-02 15:57:58,049: name:56:Use case writer:zpou
[ERROR]2022-07-02 15:57:58,050: apileft:51:interface message: {'url': '/api/mgr/signin', 'type': 'post', 'api_type': 'http', 'request': {'username': 'byhy', 'password': '88888888'}, 'reponses_type': 'json', 'Content-Type': 'data'}
[ERROR]2022-07-02 15:57:58,051: apileft:55:requests url: http://127.0.0.1:80/api/mgr/signin
[ERROR]2022-07-02 15:57:58,053: apileft:57:requests parameter: {'username': 'byhy', 'password': '88888888'}
[DEBUG]2022-07-02 15:57:58,057: Starting new HTTP connection (1): 127.0.0.1:80
[DEBUG]2022-07-02 15:57:58,522: http://127.0.0.1:80 "POST /api/mgr/signin HTTP/1.1" 200 10
[ERROR]2022-07-02 15:57:58,523: repons:72:In response to the results: {'ret': 0}
[ERROR]2022-07-02 15:57:58,524: apileft:51:interface message: {'url': '/api/mgr/customers', 'type': 'post', 'api_type': 'http', 'request': {'action': 'add_customer', 'data': {'name': 'ds', 'phonenumber': '17674573105', 'address': 'dasasdasd'}}, 'reponses_type': 'json', 'Content-Type': 'params'}
[ERROR]2022-07-02 15:57:58,526: apileft:55:requests url: http://127.0.0.1:80/api/mgr/customers
[ERROR]2022-07-02 15:57:58,526: apileft:59:can only concatenate str (not "dict") to str
[ERROR]2022-07-02 15:57:58,528: apileft:60:Traceback (most recent call last):
  File "D:\my_api\tc_play\requetes.py", line 56, in apileft
    parm = self.parm(contex["Content-Type"], contex)
  File "D:\my_api\tc_play\requetes.py", line 31, in parm
    parm = parm+key + "=" + value + "&"
TypeError: can only concatenate str (not "dict") to str

[ERROR]2022-07-02 15:57:58,528: post:126:local variable 'parm' referenced before assignment
[ERROR]2022-07-02 15:57:58,529: post:127:Traceback (most recent call last):
  File "D:\my_api\tc_play\requetes.py", line 112, in post
    parm = self.apileft(api, dict_request)
  File "D:\my_api\tc_play\requetes.py", line 62, in apileft
    return parm[0], parm[1], parm[2], url
UnboundLocalError: local variable 'parm' referenced before assignment

