[INFO]2022-07-02 10:40:35,799: #################################################################
[INFO]2022-07-02 10:40:35,799: Perform log
[INFO]2022-07-02 10:40:35,800: #################################################################
[ERROR]2022-07-02 10:40:35,800: log path:D:\my_api\logs\report2022-07-02-10-40-35.log
[ERROR]2022-07-02 10:40:35,801: name:56:Use case writer:zpou
[ERROR]2022-07-02 10:40:35,802: log path:D:\my_api\logs\report2022-07-02-10-40-35.log
[ERROR]2022-07-02 10:40:35,803: apileft:51:interface message: {'url': '/api/mgr/signin', 'type': 'post', 'api_type': 'http', 'request': {'username': 'byhy', 'password': '88888888'}, 'reponses_type': 'json', 'Content-Type': 'data'}
[ERROR]2022-07-02 10:40:35,804: log path:D:\my_api\logs\report2022-07-02-10-40-35.log
[ERROR]2022-07-02 10:40:35,805: apileft:55:requests url: http://127.0.0.1:80/api/mgr/signin
[ERROR]2022-07-02 10:40:35,806: log path:D:\my_api\logs\report2022-07-02-10-40-35.log
[ERROR]2022-07-02 10:40:35,806: apileft:57:requests parameter: {'username': 'byhy', 'password': '88888888'}
[DEBUG]2022-07-02 10:40:35,809: Starting new HTTP connection (1): 127.0.0.1:80
[DEBUG]2022-07-02 10:40:36,346: http://127.0.0.1:80 "POST /api/mgr/signin HTTP/1.1" 200 10
[ERROR]2022-07-02 10:40:36,347: log path:D:\my_api\logs\report2022-07-02-10-40-35.log
[ERROR]2022-07-02 10:40:36,348: repons:72:In response to the results: {'ret': 0}
[ERROR]2022-07-02 10:40:36,349: log path:D:\my_api\logs\report2022-07-02-10-40-35.log
[ERROR]2022-07-02 10:40:36,349: apileft:51:interface message: {'url': '/api/mgr/customers', 'type': 'post', 'api_type': 'http', 'request': {'action': 'add_customer', 'data': {'name': 'ds', 'phonenumber': '17674573105', 'address': 'dasasdasd'}}, 'reponses_type': 'json', 'Content-Type': 'params'}
[ERROR]2022-07-02 10:40:36,350: log path:D:\my_api\logs\report2022-07-02-10-40-35.log
[ERROR]2022-07-02 10:40:36,350: apileft:55:requests url: http://127.0.0.1:80/api/mgr/customers
[ERROR]2022-07-02 10:40:36,351: log path:D:\my_api\logs\report2022-07-02-10-40-35.log
[ERROR]2022-07-02 10:40:36,352: apileft:59:can only concatenate str (not "dict") to str
[ERROR]2022-07-02 10:40:36,354: log path:D:\my_api\logs\report2022-07-02-10-40-35.log
[ERROR]2022-07-02 10:40:36,354: apileft:60:Traceback (most recent call last):
  File "D:\my_api\tc_play\requetes.py", line 56, in apileft
    parm = self.parm(contex["Content-Type"], contex)
  File "D:\my_api\tc_play\requetes.py", line 31, in parm
    parm = parm+key + "=" + value + "&"
TypeError: can only concatenate str (not "dict") to str

[ERROR]2022-07-02 10:40:36,355: log path:D:\my_api\logs\report2022-07-02-10-40-35.log
[ERROR]2022-07-02 10:40:36,355: post:126:local variable 'parm' referenced before assignment
[ERROR]2022-07-02 10:40:36,356: log path:D:\my_api\logs\report2022-07-02-10-40-35.log
[ERROR]2022-07-02 10:40:36,357: post:127:Traceback (most recent call last):
  File "D:\my_api\tc_play\requetes.py", line 112, in post
    parm = self.apileft(api, dict_request)
  File "D:\my_api\tc_play\requetes.py", line 62, in apileft
    return parm[0], parm[1], parm[2], url
UnboundLocalError: local variable 'parm' referenced before assignment

