[INFO]2022-07-03 12:37:24,045: #################################################################
[INFO]2022-07-03 12:37:24,045: Perform log
[INFO]2022-07-03 12:37:24,045: #################################################################
[INFO]2022-07-03 12:37:24,046: name:56:Use case writer:zpou
[INFO]2022-07-03 12:37:24,047: Enter function : flow_weather()
[INFO]2022-07-03 12:37:24,048: Input parameter : update_dict, value : value is empty.
[INFO]2022-07-03 12:37:24,048: Enter function : flow_login()
[INFO]2022-07-03 12:37:24,049: Input parameter : update_dict, value : value is empty.
[INFO]2022-07-03 12:37:24,050: apileft:57:interface message: {'url': '/api/mgr/signin', 'type': 'post', 'api_type': 'http', 'location_interface': 'my_api_login', 'request': {'username': 'byhy', 'password': '88888888'}, 'reponses_type': 'json', 'Content-Type': 'data', 'cyclical_pattern': {'flag': False, 'judgement_condition': {'right_or_wrong': {'ret': 0}}}}
[INFO]2022-07-03 12:37:24,051: apileft:66:requests url: http://127.0.0.1:80/api/mgr/signin
[INFO]2022-07-03 12:37:24,052: apileft:70:request method: post
[INFO]2022-07-03 12:37:24,052: apileft:75:requests parameter: {'username': 'byhy', 'password': '88888888'}
[INFO]2022-07-03 12:37:24,053: apileft:81:headers: {'content-type': 'application/x-www-form-urlencoded; charset=UTF-8', 'x-requested-with': 'XMLHttpRequest', 'sec-ch-ua-platform': 'Windows', 'Sec-Fetch-Site': 'same-origin', 'Sec-Fetch-Mode': 'cors', 'Sec-Fetch-Dest': 'empty', 'Cookie': 'csrftoken = ftE3dWoJqtQx963qTSGEtPPD62a3dntwBQWBacLeot1E1ntBWX7DE75O6EhU53kg'}
[DEBUG]2022-07-03 12:37:24,056: Starting new HTTP connection (1): 127.0.0.1:80
[DEBUG]2022-07-03 12:37:24,566: http://127.0.0.1:80 "POST /api/mgr/signin HTTP/1.1" 200 10
[INFO]2022-07-03 12:37:24,567: respones:95:b_ret value: True
[INFO]2022-07-03 12:37:24,568: respones:107:In response to the results: {'ret': 0}
[INFO]2022-07-03 12:37:24,569: respones:108:b_ret value: True
[INFO]2022-07-03 12:37:24,569: flow_weather:29:TypeError: update_dict is not dict!
[INFO]2022-07-03 12:37:24,570: apileft:57:interface message: {'url': '/api/mgr/customers', 'type': 'post', 'location_interface': 'my_api', 'api_type': 'http', 'request': {'action': 'add_customer', 'data': {'name': 'ds', 'phonenumber': '17674573105', 'address': 'dasasdasd'}}, 'reponses_type': 'json', 'Content-Type': 'json', 'cyclical_pattern': {'flag': False, 'judgement_condition': {'right_or_wrong': {'ret': 0}}}}
[INFO]2022-07-03 12:37:24,571: apileft:66:requests url: http://127.0.0.1:80/api/mgr/customers
[INFO]2022-07-03 12:37:24,572: apileft:70:request method: post
[INFO]2022-07-03 12:37:24,572: apileft:75:requests parameter: {}
[INFO]2022-07-03 12:37:24,573: apileft:81:headers: None
[DEBUG]2022-07-03 12:37:24,639: http://127.0.0.1:80 "POST /api/mgr/customers HTTP/1.1" 200 21
[INFO]2022-07-03 12:37:24,640: respones:95:b_ret value: True
[INFO]2022-07-03 12:37:24,641: respones:107:In response to the results: {'ret': 0, 'id': 129}
[INFO]2022-07-03 12:37:24,641: respones:108:b_ret value: True
[INFO]2022-07-03 12:37:24,642: apileft:57:interface message: {'url': '/api/mgr/signout', 'type': 'post', 'location_interface': 'my_api_logout', 'api_type': 'http', 'request': {}, 'reponses_type': 'json', 'Content-Type': 'data', 'cyclical_pattern': {'flag': False, 'judgement_condition': {'right_or_wrong': {'ret': 0}}}}
[INFO]2022-07-03 12:37:24,643: apileft:66:requests url: http://127.0.0.1:80/api/mgr/signout
[INFO]2022-07-03 12:37:24,644: apileft:70:request method: post
[INFO]2022-07-03 12:37:24,645: apileft:75:requests parameter: {}
[INFO]2022-07-03 12:37:24,645: apileft:81:headers: None
[DEBUG]2022-07-03 12:37:24,741: http://127.0.0.1:80 "POST /api/mgr/signout HTTP/1.1" 200 10
[INFO]2022-07-03 12:37:24,742: respones:95:b_ret value: True
[INFO]2022-07-03 12:37:24,743: respones:107:In response to the results: {'ret': 0}
[INFO]2022-07-03 12:37:24,743: respones:108:b_ret value: True
[INFO]2022-07-03 12:37:24,743: #################################################################
[INFO]2022-07-03 12:37:24,744: Perform log
[INFO]2022-07-03 12:37:24,744: #################################################################
[INFO]2022-07-03 12:37:24,744: name:56:Use case writer:zpou
[INFO]2022-07-03 12:37:24,745: Enter function : flow_weather()
[INFO]2022-07-03 12:37:24,745: Input parameter : update_dict, value : value is empty.
[INFO]2022-07-03 12:37:24,746: Enter function : flow_login()
[INFO]2022-07-03 12:37:24,746: Input parameter : update_dict, value : value is empty.
[INFO]2022-07-03 12:37:24,747: apileft:57:interface message: {'url': '/api/mgr/signin', 'type': 'post', 'api_type': 'http', 'location_interface': 'my_api_login', 'request': {'username': 'byhy', 'password': '88888888'}, 'reponses_type': 'json', 'Content-Type': 'data', 'cyclical_pattern': {'flag': False, 'judgement_condition': {'right_or_wrong': {'ret': 0}}}}
[INFO]2022-07-03 12:37:24,748: apileft:66:requests url: http://127.0.0.1:80/api/mgr/signin
[INFO]2022-07-03 12:37:24,748: apileft:70:request method: post
[INFO]2022-07-03 12:37:24,750: apileft:75:requests parameter: {'username': 'byhy', 'password': '88888888'}
[INFO]2022-07-03 12:37:24,750: apileft:81:headers: {'content-type': 'application/x-www-form-urlencoded; charset=UTF-8', 'x-requested-with': 'XMLHttpRequest', 'sec-ch-ua-platform': 'Windows', 'Sec-Fetch-Site': 'same-origin', 'Sec-Fetch-Mode': 'cors', 'Sec-Fetch-Dest': 'empty', 'Cookie': 'csrftoken = ftE3dWoJqtQx963qTSGEtPPD62a3dntwBQWBacLeot1E1ntBWX7DE75O6EhU53kg'}
[DEBUG]2022-07-03 12:37:24,752: Starting new HTTP connection (1): 127.0.0.1:80
[DEBUG]2022-07-03 12:37:25,205: http://127.0.0.1:80 "POST /api/mgr/signin HTTP/1.1" 200 10
[INFO]2022-07-03 12:37:25,206: respones:95:b_ret value: True
[INFO]2022-07-03 12:37:25,207: respones:107:In response to the results: {'ret': 0}
[INFO]2022-07-03 12:37:25,208: respones:108:b_ret value: True
[INFO]2022-07-03 12:37:25,208: flow_weather:29:TypeError: update_dict is not dict!
[INFO]2022-07-03 12:37:25,209: apileft:57:interface message: {'url': '/api/mgr/customers', 'type': 'post', 'location_interface': 'my_api', 'api_type': 'http', 'request': {'action': 'add_customer', 'data': {'name': 'ds', 'phonenumber': '17674573105', 'address': 'dasasdasd'}}, 'reponses_type': 'json', 'Content-Type': 'json', 'cyclical_pattern': {'flag': False, 'judgement_condition': {'right_or_wrong': {'ret': 0}}}}
[INFO]2022-07-03 12:37:25,210: apileft:66:requests url: http://127.0.0.1:80/api/mgr/customers
[INFO]2022-07-03 12:37:25,211: apileft:70:request method: post
[INFO]2022-07-03 12:37:25,212: apileft:75:requests parameter: {}
[INFO]2022-07-03 12:37:25,212: apileft:81:headers: None
[DEBUG]2022-07-03 12:37:25,282: http://127.0.0.1:80 "POST /api/mgr/customers HTTP/1.1" 200 21
[INFO]2022-07-03 12:37:25,284: respones:95:b_ret value: True
[INFO]2022-07-03 12:37:25,285: respones:107:In response to the results: {'ret': 0, 'id': 130}
[INFO]2022-07-03 12:37:25,285: respones:108:b_ret value: True
[INFO]2022-07-03 12:37:25,286: apileft:57:interface message: {'url': '/api/mgr/signout', 'type': 'post', 'location_interface': 'my_api_logout', 'api_type': 'http', 'request': {}, 'reponses_type': 'json', 'Content-Type': 'data', 'cyclical_pattern': {'flag': False, 'judgement_condition': {'right_or_wrong': {'ret': 0}}}}
[INFO]2022-07-03 12:37:25,287: apileft:66:requests url: http://127.0.0.1:80/api/mgr/signout
[INFO]2022-07-03 12:37:25,288: apileft:70:request method: post
[INFO]2022-07-03 12:37:25,288: apileft:75:requests parameter: {}
[INFO]2022-07-03 12:37:25,289: apileft:81:headers: None
[DEBUG]2022-07-03 12:37:25,390: http://127.0.0.1:80 "POST /api/mgr/signout HTTP/1.1" 200 10
[INFO]2022-07-03 12:37:25,391: respones:95:b_ret value: True
[INFO]2022-07-03 12:37:25,392: respones:107:In response to the results: {'ret': 0}
[INFO]2022-07-03 12:37:25,392: respones:108:b_ret value: True
[INFO]2022-07-03 12:37:25,393: base_assert:17:b_ret value: True,create user
