[INFO]2022-07-02 10:29:27,162: #################################################################
[INFO]2022-07-02 10:29:27,163: Perform log
[INFO]2022-07-02 10:29:27,163: #################################################################
[ERROR]2022-07-02 10:29:27,164: log path:D:\my_api\logs\report2022-07-02-10-29-27.log
[ERROR]2022-07-02 10:29:27,164: name:56:Use case writer:zpou
[ERROR]2022-07-02 10:29:27,165: log path:D:\my_api\logs\report2022-07-02-10-29-27.log
[ERROR]2022-07-02 10:29:27,166: apileft:51:interface message: {'url': '/api/mgr/signin', 'type': 'post', 'api_type': 'http', 'request': {'username': 'byhy', 'password': '88888888'}, 'reponses_type': 'json', 'Content-Type': 'data'}
[ERROR]2022-07-02 10:29:27,172: log path:D:\my_api\logs\report2022-07-02-10-29-27.log
[ERROR]2022-07-02 10:29:27,172: apileft:55:requests url: http://127.0.0.1:80/api/mgr/signin
[ERROR]2022-07-02 10:29:27,173: log path:D:\my_api\logs\report2022-07-02-10-29-27.log
[ERROR]2022-07-02 10:29:27,173: apileft:57:requests parameter: {'username': 'byhy', 'password': '88888888'}
[DEBUG]2022-07-02 10:29:27,177: Starting new HTTP connection (1): 127.0.0.1:80
[DEBUG]2022-07-02 10:29:28,174: http://127.0.0.1:80 "POST /api/mgr/signin HTTP/1.1" 200 10
[ERROR]2022-07-02 10:29:28,176: log path:D:\my_api\logs\report2022-07-02-10-29-27.log
[ERROR]2022-07-02 10:29:28,177: repons:72:In response to the results: {'ret': 0}
[ERROR]2022-07-02 10:29:28,178: log path:D:\my_api\logs\report2022-07-02-10-29-27.log
[ERROR]2022-07-02 10:29:28,178: apileft:51:interface message: {'url': '/api/mgr/customers', 'type': 'post', 'api_type': 'http', 'request': {'action': 'add_customer', 'data': {'name': 'ds', 'phonenumber': '17674573105', 'address': 'dasasdasd'}}, 'reponses_type': 'json', 'Content-Type': 'params'}
[ERROR]2022-07-02 10:29:28,179: log path:D:\my_api\logs\report2022-07-02-10-29-27.log
[ERROR]2022-07-02 10:29:28,180: apileft:55:requests url: http://127.0.0.1:80/api/mgr/customers
[ERROR]2022-07-02 10:29:28,180: log path:D:\my_api\logs\report2022-07-02-10-29-27.log
[ERROR]2022-07-02 10:29:28,181: apileft:59:can only concatenate str (not "dict") to str
[ERROR]2022-07-02 10:29:28,182: log path:D:\my_api\logs\report2022-07-02-10-29-27.log
[ERROR]2022-07-02 10:29:28,182: apileft:60:Traceback (most recent call last):
  File "D:\my_api\tc_play\requetes.py", line 56, in apileft
    parm = self.parm(contex["Content-Type"], contex)
  File "D:\my_api\tc_play\requetes.py", line 31, in parm
    parm = parm+key + "=" + value + "&"
TypeError: can only concatenate str (not "dict") to str

[ERROR]2022-07-02 10:29:28,183: log path:D:\my_api\logs\report2022-07-02-10-29-27.log
[ERROR]2022-07-02 10:29:28,183: post:126:local variable 'parm' referenced before assignment
[ERROR]2022-07-02 10:29:28,184: log path:D:\my_api\logs\report2022-07-02-10-29-27.log
[ERROR]2022-07-02 10:29:28,184: post:127:Traceback (most recent call last):
  File "D:\my_api\tc_play\requetes.py", line 112, in post
    parm = self.apileft(api, dict_request)
  File "D:\my_api\tc_play\requetes.py", line 62, in apileft
    return parm[0], parm[1], parm[2], url
UnboundLocalError: local variable 'parm' referenced before assignment

